<?xml version="1.0" encoding="UTF-8"?>
<testng-results skipped="0" failed="1" ignored="0" total="1" passed="0">
  <reporter-output>
    <line>
      <![CDATA[Found Element By By.xpath: //*[@id='header']/div[2]/div/div/nav/div[1]/a]]>
    </line>
    <line>
      <![CDATA[Found Element By By.xpath: //*[@id='header']/div[2]/div/div/nav/div[1]/a]]>
    </line>
    <line>
      <![CDATA[Found Element By By.id: email_create]]>
    </line>
    <line>
      <![CDATA[Found Element By By.id: SubmitCreate]]>
    </line>
    <line>
      <![CDATA[Found Element By By.id: SubmitCreate]]>
    </line>
    <line>
      <![CDATA[Found Element By By.id: id_gender1]]>
    </line>
    <line>
      <![CDATA[Found Element By By.id: id_gender1]]>
    </line>
    <line>
      <![CDATA[Found Element By By.id: customer_firstname]]>
    </line>
    <line>
      <![CDATA[Found Element By By.id: customer_lastname]]>
    </line>
    <line>
      <![CDATA[Found Element By By.id: passwd]]>
    </line>
    <line>
      <![CDATA[Found Element By By.id: company]]>
    </line>
    <line>
      <![CDATA[Found Element By By.id: address1]]>
    </line>
    <line>
      <![CDATA[Found Element By By.id: city]]>
    </line>
    <line>
      <![CDATA[Found Element By By.xpath: //div[@id='uniform-id_state']]]>
    </line>
    <line>
      <![CDATA[Found Element By By.xpath: //select[@id='id_state']]]>
    </line>
    <line>
      <![CDATA[Found Element By By.xpath: .//option[normalize-space(.) = "Alabama"]]]>
    </line>
    <line>
      <![CDATA[Found Element By By.id: postcode]]>
    </line>
    <line>
      <![CDATA[Found Element By By.id: phone_mobile]]>
    </line>
    <line>
      <![CDATA[Found Element By By.id: alias]]>
    </line>
    <line>
      <![CDATA[Found Element By By.id: submitAccount]]>
    </line>
  </reporter-output>
  <suite name="Default Suite" duration-ms="147728" started-at="2018-04-25T03:40:36Z" finished-at="2018-04-25T03:43:04Z">
    <groups>
    </groups>
    <test name="uiAutomation" duration-ms="147728" started-at="2018-04-25T03:40:36Z" finished-at="2018-04-25T03:43:04Z">
      <class name="com.test.automation.homepage.TC002_VerifyRegistartion">
        <test-method status="PASS" signature="setUp()[pri:0, instance:com.test.automation.homepage.TC002_VerifyRegistartion@5f2050f6]" name="setUp" is-config="true" duration-ms="16808" started-at="2018-04-24T23:40:36Z" finished-at="2018-04-24T23:40:53Z">
          <reporter-output>
          </reporter-output>
        </test-method> <!-- setUp -->
        <test-method status="PASS" signature="beforeMethod(java.lang.reflect.Method)[pri:0, instance:com.test.automation.homepage.TC002_VerifyRegistartion@5f2050f6]" name="beforeMethod" is-config="true" duration-ms="13" started-at="2018-04-24T23:40:53Z" finished-at="2018-04-24T23:40:53Z">
          <params>
            <param index="0">
              <value>
                <![CDATA[public void com.test.automation.homepage.TC002_VerifyRegistartion.testLogin()]]>
              </value>
            </param>
          </params>
          <reporter-output>
          </reporter-output>
        </test-method> <!-- beforeMethod -->
        <test-method status="FAIL" signature="testLogin()[pri:0, instance:com.test.automation.homepage.TC002_VerifyRegistartion@5f2050f6]" name="testLogin" duration-ms="129509" started-at="2018-04-24T23:40:53Z" finished-at="2018-04-24T23:43:02Z">
          <exception class="org.openqa.selenium.NoSuchElementException">
            <message>
              <![CDATA[no such element: Unable to locate element: {"method":"xpath","selector":"//div[@class ='header_user_info']/div[1]/span"}  (Session info: chrome=65.0.3325.181)  (Driver info: chromedriver=2.36.540470 (e522d04694c7ebea4ba8821272dbef4f9b818c91),platform=Windows NT 10.0.16299 x86_64) (WARNING: The server did not provide any stacktrace information)Command duration or timeout: 0 millisecondsFor documentation on this error, please visit: http://seleniumhq.org/exceptions/no_such_element.htmlBuild info: version: '3.11.0', revision: 'e59cfb3', time: '2018-03-11T20:26:55.152Z'System info: host: 'DESKTOP-T9H3ER4', ip: '192.168.1.5', os.name: 'Windows 10', os.arch: 'amd64', os.version: '10.0', java.version: '1.8.0_162'Driver info: org.openqa.selenium.chrome.ChromeDriverCapabilities {acceptInsecureCerts: false, acceptSslCerts: false, applicationCacheEnabled: false, browserConnectionEnabled: false, browserName: chrome, chrome: {chromedriverVersion: 2.36.540470 (e522d04694c7eb..., userDataDir: C:\Users\user\AppData\Local...}, cssSelectorsEnabled: true, databaseEnabled: false, handlesAlerts: true, hasTouchScreen: false, javascriptEnabled: true, locationContextEnabled: true, mobileEmulationEnabled: false, nativeEvents: true, networkConnectionEnabled: false, pageLoadStrategy: normal, platform: XP, platformName: XP, rotatable: false, setWindowRect: true, takesHeapSnapshot: true, takesScreenshot: true, unexpectedAlertBehaviour: , unhandledPromptBehavior: , version: 65.0.3325.181, webStorageEnabled: true}Session ID: d2d37177f8b0302090fec6169ab4d5d8*** Element info: {Using=xpath, value=//div[@class ='header_user_info']/div[1]/span}]]>
            </message>
            <full-stacktrace>
              <![CDATA[org.openqa.selenium.NoSuchElementException: no such element: Unable to locate element: {"method":"xpath","selector":"//div[@class ='header_user_info']/div[1]/span"}  (Session info: chrome=65.0.3325.181)  (Driver info: chromedriver=2.36.540470 (e522d04694c7ebea4ba8821272dbef4f9b818c91),platform=Windows NT 10.0.16299 x86_64) (WARNING: The server did not provide any stacktrace information)Command duration or timeout: 0 millisecondsFor documentation on this error, please visit: http://seleniumhq.org/exceptions/no_such_element.htmlBuild info: version: '3.11.0', revision: 'e59cfb3', time: '2018-03-11T20:26:55.152Z'System info: host: 'DESKTOP-T9H3ER4', ip: '192.168.1.5', os.name: 'Windows 10', os.arch: 'amd64', os.version: '10.0', java.version: '1.8.0_162'Driver info: org.openqa.selenium.chrome.ChromeDriverCapabilities {acceptInsecureCerts: false, acceptSslCerts: false, applicationCacheEnabled: false, browserConnectionEnabled: false, browserName: chrome, chrome: {chromedriverVersion: 2.36.540470 (e522d04694c7eb..., userDataDir: C:\Users\user\AppData\Local...}, cssSelectorsEnabled: true, databaseEnabled: false, handlesAlerts: true, hasTouchScreen: false, javascriptEnabled: true, locationContextEnabled: true, mobileEmulationEnabled: false, nativeEvents: true, networkConnectionEnabled: false, pageLoadStrategy: normal, platform: XP, platformName: XP, rotatable: false, setWindowRect: true, takesHeapSnapshot: true, takesScreenshot: true, unexpectedAlertBehaviour: , unhandledPromptBehavior: , version: 65.0.3325.181, webStorageEnabled: true}Session ID: d2d37177f8b0302090fec6169ab4d5d8*** Element info: {Using=xpath, value=//div[@class ='header_user_info']/div[1]/span}at sun.reflect.NativeConstructorAccessorImpl.newInstance0(Native Method)at sun.reflect.NativeConstructorAccessorImpl.newInstance(NativeConstructorAccessorImpl.java:62)at sun.reflect.DelegatingConstructorAccessorImpl.newInstance(DelegatingConstructorAccessorImpl.java:45)at java.lang.reflect.Constructor.newInstance(Constructor.java:423)at org.openqa.selenium.remote.ErrorHandler.createThrowable(ErrorHandler.java:214)at org.openqa.selenium.remote.ErrorHandler.throwIfResponseFailed(ErrorHandler.java:166)at org.openqa.selenium.remote.http.JsonHttpResponseCodec.reconstructValue(JsonHttpResponseCodec.java:40)at org.openqa.selenium.remote.http.AbstractHttpResponseCodec.decode(AbstractHttpResponseCodec.java:80)at org.openqa.selenium.remote.http.AbstractHttpResponseCodec.decode(AbstractHttpResponseCodec.java:44)at org.openqa.selenium.remote.HttpCommandExecutor.execute(HttpCommandExecutor.java:158)at org.openqa.selenium.remote.service.DriverCommandExecutor.execute(DriverCommandExecutor.java:83)at org.openqa.selenium.remote.RemoteWebDriver.execute(RemoteWebDriver.java:545)at org.openqa.selenium.remote.RemoteWebDriver.findElement(RemoteWebDriver.java:319)at org.openqa.selenium.remote.RemoteWebDriver.findElementByXPath(RemoteWebDriver.java:421)at org.openqa.selenium.By$ByXPath.findElement(By.java:361)at org.openqa.selenium.remote.RemoteWebDriver.findElement(RemoteWebDriver.java:311)at sun.reflect.GeneratedMethodAccessor4.invoke(Unknown Source)at sun.reflect.DelegatingMethodAccessorImpl.invoke(DelegatingMethodAccessorImpl.java:43)at java.lang.reflect.Method.invoke(Method.java:498)at org.openqa.selenium.support.events.EventFiringWebDriver.lambda$new$1(EventFiringWebDriver.java:103)at com.sun.proxy.$Proxy8.findElement(Unknown Source)at org.openqa.selenium.support.events.EventFiringWebDriver.findElement(EventFiringWebDriver.java:186)at org.openqa.selenium.support.pagefactory.DefaultElementLocator.findElement(DefaultElementLocator.java:69)at org.openqa.selenium.support.pagefactory.internal.LocatingElementHandler.invoke(LocatingElementHandler.java:38)at com.sun.proxy.$Proxy12.getText(Unknown Source)at com.test.automation.uiActions.HomePage.getRegistrationSuccess(HomePage.java:148)at com.test.automation.homepage.TC002_VerifyRegistartion.testLogin(TC002_VerifyRegistartion.java:39)at sun.reflect.NativeMethodAccessorImpl.invoke0(Native Method)at sun.reflect.NativeMethodAccessorImpl.invoke(NativeMethodAccessorImpl.java:62)at sun.reflect.DelegatingMethodAccessorImpl.invoke(DelegatingMethodAccessorImpl.java:43)at java.lang.reflect.Method.invoke(Method.java:498)at org.testng.internal.MethodInvocationHelper.invokeMethod(MethodInvocationHelper.java:124)at org.testng.internal.Invoker.invokeMethod(Invoker.java:571)at org.testng.internal.Invoker.invokeTestMethod(Invoker.java:707)at org.testng.internal.Invoker.invokeTestMethods(Invoker.java:979)at org.testng.internal.TestMethodWorker.invokeTestMethods(TestMethodWorker.java:125)at org.testng.internal.TestMethodWorker.run(TestMethodWorker.java:109)at org.testng.TestRunner.privateRun(TestRunner.java:648)at org.testng.TestRunner.run(TestRunner.java:505)at org.testng.SuiteRunner.runTest(SuiteRunner.java:455)at org.testng.SuiteRunner.runSequentially(SuiteRunner.java:450)at org.testng.SuiteRunner.privateRun(SuiteRunner.java:415)at org.testng.SuiteRunner.run(SuiteRunner.java:364)at org.testng.SuiteRunnerWorker.runSuite(SuiteRunnerWorker.java:52)at org.testng.SuiteRunnerWorker.run(SuiteRunnerWorker.java:84)at org.testng.TestNG.runSuitesSequentially(TestNG.java:1187)at org.testng.TestNG.runSuitesLocally(TestNG.java:1116)at org.testng.TestNG.runSuites(TestNG.java:1028)at org.testng.TestNG.run(TestNG.java:996)at org.testng.IDEARemoteTestNG.run(IDEARemoteTestNG.java:72)at org.testng.RemoteTestNGStarter.main(RemoteTestNGStarter.java:123)]]>
            </full-stacktrace>
          </exception> <!-- org.openqa.selenium.NoSuchElementException -->
          <reporter-output>
            <line>
              <![CDATA[Found Element By By.xpath: //*[@id='header']/div[2]/div/div/nav/div[1]/a]]>
            </line>
            <line>
              <![CDATA[Found Element By By.xpath: //*[@id='header']/div[2]/div/div/nav/div[1]/a]]>
            </line>
            <line>
              <![CDATA[Found Element By By.id: email_create]]>
            </line>
            <line>
              <![CDATA[Found Element By By.id: SubmitCreate]]>
            </line>
            <line>
              <![CDATA[Found Element By By.id: SubmitCreate]]>
            </line>
            <line>
              <![CDATA[Found Element By By.id: id_gender1]]>
            </line>
            <line>
              <![CDATA[Found Element By By.id: id_gender1]]>
            </line>
            <line>
              <![CDATA[Found Element By By.id: customer_firstname]]>
            </line>
            <line>
              <![CDATA[Found Element By By.id: customer_lastname]]>
            </line>
            <line>
              <![CDATA[Found Element By By.id: passwd]]>
            </line>
            <line>
              <![CDATA[Found Element By By.id: company]]>
            </line>
            <line>
              <![CDATA[Found Element By By.id: address1]]>
            </line>
            <line>
              <![CDATA[Found Element By By.id: city]]>
            </line>
            <line>
              <![CDATA[Found Element By By.xpath: //div[@id='uniform-id_state']]]>
            </line>
            <line>
              <![CDATA[Found Element By By.xpath: //select[@id='id_state']]]>
            </line>
            <line>
              <![CDATA[Found Element By By.xpath: .//option[normalize-space(.) = "Alabama"]]]>
            </line>
            <line>
              <![CDATA[Found Element By By.id: postcode]]>
            </line>
            <line>
              <![CDATA[Found Element By By.id: phone_mobile]]>
            </line>
            <line>
              <![CDATA[Found Element By By.id: alias]]>
            </line>
            <line>
              <![CDATA[Found Element By By.id: submitAccount]]>
            </line>
          </reporter-output>
        </test-method> <!-- testLogin -->
        <test-method status="PASS" signature="afterMethod(org.testng.ITestResult)[pri:0, instance:com.test.automation.homepage.TC002_VerifyRegistartion@5f2050f6]" name="afterMethod" is-config="true" duration-ms="457" started-at="2018-04-24T23:43:02Z" finished-at="2018-04-24T23:43:03Z">
          <params>
            <param index="0">
              <value>
                <![CDATA[[TestResult name=testLogin status=FAILURE method=TC002_VerifyRegistartion.testLogin()[pri:0, instance:com.test.automation.homepage.TC002_VerifyRegistartion@5f2050f6] output=Found Element By By.xpath: //*[@id='header']/div[2]/div/div/nav/div[1]/a]]]>
              </value>
            </param>
          </params>
          <reporter-output>
          </reporter-output>
        </test-method> <!-- afterMethod -->
        <test-method status="PASS" signature="endTest()[pri:0, instance:com.test.automation.homepage.TC002_VerifyRegistartion@5f2050f6]" name="endTest" is-config="true" duration-ms="837" started-at="2018-04-24T23:43:03Z" finished-at="2018-04-24T23:43:04Z">
          <reporter-output>
          </reporter-output>
        </test-method> <!-- endTest -->
      </class> <!-- com.test.automation.homepage.TC002_VerifyRegistartion -->
    </test> <!-- uiAutomation -->
  </suite> <!-- Default Suite -->
</testng-results>
